-------------------------------------------------------------------------------
Test set: com.example.airqualilty.CityInfoServiceTest
-------------------------------------------------------------------------------
Tests run: 5, Failures: 0, Errors: 1, Skipped: 0, Time elapsed: 0.498 s <<< FAILURE! - in com.example.airqualilty.CityInfoServiceTest
whenValidId_thenCityShouldBeFound  Time elapsed: 0.008 s  <<< ERROR!
java.lang.NullPointerException
	at com.example.airqualilty.CityInfoServiceTest.whenValidId_thenCityShouldBeFound(CityInfoServiceTest.java:82)

