<?xml version="1.0" encoding="UTF-8"?>
<testsuite xmlns:xsi="http://www.w3.org/2001/XMLSchema-instance" xsi:noNamespaceSchemaLocation="https://maven.apache.org/surefire/maven-surefire-plugin/xsd/surefire-test-report.xsd" name="com.example.airqualilty.CityInfoServiceTest" time="0.585" tests="4" errors="0" skipped="0" failures="0">
  <properties>
[...]
</properties>
  <testcase name="whenAskedForAllCities_thenReturnAll" classname="com.example.airqualilty.CityInfoServiceTest" time="0.497"/>
  <testcase name="whenInValidId_thenCityShouldNotBeFound" classname="com.example.airqualilty.CityInfoServiceTest" time="0.07"/>
  <testcase name="whenWrongKeyword_thenCitiesShouldNotBeFound" classname="com.example.airqualilty.CityInfoServiceTest" time="0.008"/>
  <testcase name="whenkeyword_thenCitiesShouldBeFound" classname="com.example.airqualilty.CityInfoServiceTest" time="0.002"/>
</testsuite>